[debug] [2018-05-06T05:44:54.084Z] ----------------------------------------------------------------------
[debug] [2018-05-06T05:44:54.086Z] Command:       /usr/bin/node /usr/bin/firebase serve --only functions,hosting
[debug] [2018-05-06T05:44:54.086Z] CLI Version:   3.18.4
[debug] [2018-05-06T05:44:54.086Z] Platform:      linux
[debug] [2018-05-06T05:44:54.086Z] Node Version:  v8.11.1
[debug] [2018-05-06T05:44:54.087Z] Time:          Sun May 06 2018 15:44:54 GMT+1000 (AEST)
[debug] [2018-05-06T05:44:54.087Z] ----------------------------------------------------------------------
[debug] 
[debug] [2018-05-06T05:44:54.096Z] > command requires scopes: ["email","openid","https://www.googleapis.com/auth/cloudplatformprojects.readonly","https://www.googleapis.com/auth/firebase","https://www.googleapis.com/auth/cloud-platform"]
[debug] [2018-05-06T05:44:54.096Z] > authorizing via signed-in user
[debug] [2018-05-06T05:44:54.098Z] >>> HTTP REQUEST GET https://admin.firebase.com/v1/projects/geoart-v4  
  
 Sun May 06 2018 15:44:54 GMT+1000 (AEST)
[debug] [2018-05-06T05:44:55.194Z] <<< HTTP RESPONSE 200
[debug] [2018-05-06T05:44:55.195Z] >>> HTTP REQUEST GET https://admin.firebase.com/v1/database/geoart-v4/tokens  
  
 Sun May 06 2018 15:44:55 GMT+1000 (AEST)
[debug] [2018-05-06T05:44:56.052Z] <<< HTTP RESPONSE 200
[debug] [2018-05-06T05:44:56.053Z] >>> HTTP REQUEST GET https://cloudresourcemanager.googleapis.com/v1/projects/geoart-v4  
  
 Sun May 06 2018 15:44:56 GMT+1000 (AEST)
[debug] [2018-05-06T05:44:57.385Z] <<< HTTP RESPONSE 200
[info] 
[info] === Serving from '/home/davidj/git-workspace/geoart-v4/frontend'...
[info] 
[info] i  functions: Preparing to emulate functions.
[debug] [2018-05-06T05:44:58.626Z] Fetching environment
[debug] [2018-05-06T05:44:59.055Z] Error: EACCES: permission denied, open '/home/davidj/.config/gcloud/application_default_credentials.json'
    at Object.fs.openSync (fs.js:646:18)
    at Object.fs.writeFileSync (fs.js:1299:33)
    at module.exports (/usr/lib/node_modules/firebase-tools/lib/ensureDefaultCredentials.js:42:6)
    at FunctionsEmulator.start (/usr/lib/node_modules/firebase-tools/lib/functionsEmulator.js:116:3)
    at Object.start (/usr/lib/node_modules/firebase-tools/lib/serve/functions.js:9:29)
    at /usr/lib/node_modules/firebase-tools/lib/serve/index.js:17:21
    at arrayMap (/usr/lib/node_modules/firebase-tools/node_modules/lodash/lodash.js:639:23)
    at Function.map (/usr/lib/node_modules/firebase-tools/node_modules/lodash/lodash.js:9554:14)
    at _serve (/usr/lib/node_modules/firebase-tools/lib/serve/index.js:15:7)
    at Command._action (/usr/lib/node_modules/firebase-tools/commands/serve.js:48:12)
[error] 
[error] Error: An unexpected error has occurred.
[debug] [2018-05-06T05:45:04.246Z] ----------------------------------------------------------------------
[debug] [2018-05-06T05:45:04.249Z] Command:       /usr/bin/node /usr/bin/firebase serve --only functions,hosting --debug
[debug] [2018-05-06T05:45:04.249Z] CLI Version:   3.18.4
[debug] [2018-05-06T05:45:04.250Z] Platform:      linux
[debug] [2018-05-06T05:45:04.250Z] Node Version:  v8.11.1
[debug] [2018-05-06T05:45:04.250Z] Time:          Sun May 06 2018 15:45:04 GMT+1000 (AEST)
[debug] [2018-05-06T05:45:04.250Z] ----------------------------------------------------------------------
[debug] 
[debug] [2018-05-06T05:45:04.261Z] > command requires scopes: ["email","openid","https://www.googleapis.com/auth/cloudplatformprojects.readonly","https://www.googleapis.com/auth/firebase","https://www.googleapis.com/auth/cloud-platform"]
[debug] [2018-05-06T05:45:04.261Z] > authorizing via signed-in user
[debug] [2018-05-06T05:45:04.263Z] >>> HTTP REQUEST GET https://admin.firebase.com/v1/projects/geoart-v4  
  
 Sun May 06 2018 15:45:04 GMT+1000 (AEST)
[debug] [2018-05-06T05:45:05.258Z] <<< HTTP RESPONSE 200
[debug] [2018-05-06T05:45:05.260Z] >>> HTTP REQUEST GET https://admin.firebase.com/v1/database/geoart-v4/tokens  
  
 Sun May 06 2018 15:45:05 GMT+1000 (AEST)
[debug] [2018-05-06T05:45:06.157Z] <<< HTTP RESPONSE 200
[debug] [2018-05-06T05:45:06.160Z] >>> HTTP REQUEST GET https://cloudresourcemanager.googleapis.com/v1/projects/geoart-v4  
  
 Sun May 06 2018 15:45:06 GMT+1000 (AEST)
[debug] [2018-05-06T05:45:07.500Z] <<< HTTP RESPONSE 200
[info] 
[info] === Serving from '/home/davidj/git-workspace/geoart-v4/frontend'...
[info] 
[info] i  functions: Preparing to emulate functions.
[debug] [2018-05-06T05:45:07.961Z] Fetching environment
[debug] [2018-05-06T05:45:08.384Z] Error: EACCES: permission denied, open '/home/davidj/.config/gcloud/application_default_credentials.json'
    at Object.fs.openSync (fs.js:646:18)
    at Object.fs.writeFileSync (fs.js:1299:33)
    at module.exports (/usr/lib/node_modules/firebase-tools/lib/ensureDefaultCredentials.js:42:6)
    at FunctionsEmulator.start (/usr/lib/node_modules/firebase-tools/lib/functionsEmulator.js:116:3)
    at Object.start (/usr/lib/node_modules/firebase-tools/lib/serve/functions.js:9:29)
    at /usr/lib/node_modules/firebase-tools/lib/serve/index.js:17:21
    at arrayMap (/usr/lib/node_modules/firebase-tools/node_modules/lodash/lodash.js:639:23)
    at Function.map (/usr/lib/node_modules/firebase-tools/node_modules/lodash/lodash.js:9554:14)
    at _serve (/usr/lib/node_modules/firebase-tools/lib/serve/index.js:15:7)
    at Command._action (/usr/lib/node_modules/firebase-tools/commands/serve.js:48:12)
[error] 
[error] Error: An unexpected error has occurred.
[debug] [2018-05-06T05:45:39.867Z] ----------------------------------------------------------------------
[debug] [2018-05-06T05:45:39.871Z] Command:       /usr/bin/node /usr/bin/firebase serve --only functions,hosting --debug
[debug] [2018-05-06T05:45:39.871Z] CLI Version:   3.18.4
[debug] [2018-05-06T05:45:39.871Z] Platform:      linux
[debug] [2018-05-06T05:45:39.874Z] Node Version:  v8.11.1
[debug] [2018-05-06T05:45:39.875Z] Time:          Sun May 06 2018 15:45:39 GMT+1000 (AEST)
[debug] [2018-05-06T05:45:39.875Z] ----------------------------------------------------------------------
[debug] 
[debug] [2018-05-06T05:45:39.886Z] > command requires scopes: ["email","openid","https://www.googleapis.com/auth/cloudplatformprojects.readonly","https://www.googleapis.com/auth/firebase","https://www.googleapis.com/auth/cloud-platform"]
[debug] [2018-05-06T05:45:39.886Z] > authorizing via signed-in user
[debug] [2018-05-06T05:45:39.888Z] >>> HTTP REQUEST GET https://admin.firebase.com/v1/projects/geoart-v4  
  
 Sun May 06 2018 15:45:39 GMT+1000 (AEST)
[debug] [2018-05-06T05:45:40.901Z] <<< HTTP RESPONSE 200
[debug] [2018-05-06T05:45:40.903Z] >>> HTTP REQUEST GET https://admin.firebase.com/v1/database/geoart-v4/tokens  
  
 Sun May 06 2018 15:45:40 GMT+1000 (AEST)
[debug] [2018-05-06T05:45:41.779Z] <<< HTTP RESPONSE 200
[debug] [2018-05-06T05:45:41.781Z] >>> HTTP REQUEST GET https://cloudresourcemanager.googleapis.com/v1/projects/geoart-v4  
  
 Sun May 06 2018 15:45:41 GMT+1000 (AEST)
[debug] [2018-05-06T05:45:43.170Z] <<< HTTP RESPONSE 200
[info] 
[info] === Serving from '/home/davidj/git-workspace/geoart-v4/frontend'...
[info] 
[info] i  functions: Preparing to emulate functions.
[debug] [2018-05-06T05:45:44.017Z] Fetching environment
[debug] [2018-05-06T05:45:44.018Z] >>> HTTP REQUEST GET https://mobilesdk-pa.googleapis.com/v1/projects/677593427351:getServerAppConfig  
  
 Sun May 06 2018 15:45:44 GMT+1000 (AEST)
[debug] [2018-05-06T05:45:44.019Z] >>> HTTP REQUEST GET https://mobilesdk-pa.googleapis.com/v1/projects/677593427351/clients/_:getWebAppConfig  
  
 Sun May 06 2018 15:45:44 GMT+1000 (AEST)
[debug] [2018-05-06T05:45:44.896Z] <<< HTTP RESPONSE 200
[info] i  hosting: Serving hosting files from: public
[info] ✔  hosting: Local server: http://localhost:5000

[debug] [2018-05-06T05:45:44.934Z] <<< HTTP RESPONSE 200
[debug] [2018-05-06T05:45:44.934Z] Starting @google-cloud/functions-emulator
[debug] [2018-05-06T05:45:46.972Z] Parsing function triggers
[info] ✔  functions: app: http://localhost:5001/geoart-v4/us-central1/app
[info] [hosting] Rewriting /static/css/main.9f458219.css to local function app
[info] [hosting] Rewriting /static/js/main.532925e2.js to local function app
[info] [hosting] Rewriting /service-worker.js to local function app
[info] [hosting] Rewriting /aaaa to local function app
[info] [hosting] Rewriting /static/css/main.9f458219.css to local function app
[info] [hosting] Rewriting /static/js/main.532925e2.js to local function app
[info] [hosting] Rewriting /service-worker.js to local function app
[info] [hosting] Rewriting /static/css/main.9f458219.css to local function app
[info] [hosting] Rewriting /static/js/main.532925e2.js.map to local function app
[info] Shutting down...
